==320616== Cachegrind, a high-precision tracing profiler
==320616== Copyright (C) 2002-2024, and GNU GPL'd, by Nicholas Nethercote et al.
==320616== Using Valgrind-3.24.0 and LibVEX; rerun with -h for copyright info
==320616== Command: ./stencil_parallel -x 512 -y 512 -o 0 -v 0 -n 20
==320616== Parent PID: 320598
==320616== 
--320616-- warning: L3 cache found, using its data for the LL simulation.
==320616== WARNING: valgrind ignores shmget(shmflg) SHM_HUGETLB
==320616==
==320616== I refs:        230,112,689
==320616== I1  misses:        188,838
==320616== LLi misses:         22,844
==320616== I1  miss rate:        0.08%
==320616== LLi miss rate:        0.01%
==320616== 
==320616== D refs:         90,293,454  (59,059,417 rd   + 31,234,037 wr)
==320616== D1  misses:      2,881,210  ( 1,826,515 rd   +  1,054,695 wr)
==320616== LLd misses:        331,134  (    50,023 rd   +    281,111 wr)
==320616== D1  miss rate:         3.2% (       3.1%     +        3.4%  )
==320616== LLd miss rate:         0.4% (       0.1%     +        0.9%  )
==320616== 
==320616== LL refs:         3,070,048  ( 2,015,353 rd   +  1,054,695 wr)
==320616== LL misses:         353,978  (    72,867 rd   +    281,111 wr)
==320616== LL miss rate:          0.1% (       0.0%     +        0.9%  )
==320616== 
==320616== Branches:       33,643,891  (31,765,741 cond +  1,878,150 ind)
==320616== Mispredicts:       915,861  (   694,612 cond +    221,249 ind)
==320616== Mispred rate:          2.7% (       2.2%     +       11.8%   )

